0 info it worked if it ends with ok
1 verbose cli [ '/usr/local/bin/node', '/usr/local/bin/npm', 'run', 'build' ]
2 info using npm@4.0.5
3 info using node@v4.3.1
4 verbose run-script [ 'prebuild', 'build', 'postbuild' ]
5 info lifecycle bart-viz@1.0.0~prebuild: bart-viz@1.0.0
6 silly lifecycle bart-viz@1.0.0~prebuild: no script for prebuild, continuing
7 info lifecycle bart-viz@1.0.0~build: bart-viz@1.0.0
8 verbose lifecycle bart-viz@1.0.0~build: unsafe-perm in lifecycle true
9 verbose lifecycle bart-viz@1.0.0~build: PATH: /usr/local/lib/node_modules/npm/bin/node-gyp-bin:/Users/rayluong/dev/bart-viz/node_modules/.bin:/Users/rayluong/.node/bin:/usr/local/bin:/usr/local/bin:/usr/bin:/bin:/usr/sbin:/sbin:/opt/X11/bin:/usr/local/git/bin
10 verbose lifecycle bart-viz@1.0.0~build: CWD: /Users/rayluong/dev/bart-viz
11 silly lifecycle bart-viz@1.0.0~build: Args: [ '-c', 'webpack entry.js bundle.js' ]
12 silly lifecycle bart-viz@1.0.0~build: Returned: code: 2  signal: null
13 info lifecycle bart-viz@1.0.0~build: Failed to exec build script
14 verbose stack Error: bart-viz@1.0.0 build: `webpack entry.js bundle.js`
14 verbose stack Exit status 2
14 verbose stack     at EventEmitter.<anonymous> (/usr/local/lib/node_modules/npm/lib/utils/lifecycle.js:279:16)
14 verbose stack     at emitTwo (events.js:87:13)
14 verbose stack     at EventEmitter.emit (events.js:172:7)
14 verbose stack     at ChildProcess.<anonymous> (/usr/local/lib/node_modules/npm/lib/utils/spawn.js:40:14)
14 verbose stack     at emitTwo (events.js:87:13)
14 verbose stack     at ChildProcess.emit (events.js:172:7)
14 verbose stack     at maybeClose (internal/child_process.js:821:16)
14 verbose stack     at Process.ChildProcess._handle.onexit (internal/child_process.js:211:5)
15 verbose pkgid bart-viz@1.0.0
16 verbose cwd /Users/rayluong/dev/bart-viz
17 error Darwin 16.3.0
18 error argv "/usr/local/bin/node" "/usr/local/bin/npm" "run" "build"
19 error node v4.3.1
20 error npm  v4.0.5
21 error code ELIFECYCLE
22 error bart-viz@1.0.0 build: `webpack entry.js bundle.js`
22 error Exit status 2
23 error Failed at the bart-viz@1.0.0 build script 'webpack entry.js bundle.js'.
23 error Make sure you have the latest version of node.js and npm installed.
23 error If you do, this is most likely a problem with the bart-viz package,
23 error not with npm itself.
23 error Tell the author that this fails on your system:
23 error     webpack entry.js bundle.js
23 error You can get information on how to open an issue for this project with:
23 error     npm bugs bart-viz
23 error Or if that isn't available, you can get their info via:
23 error     npm owner ls bart-viz
23 error There is likely additional logging output above.
24 verbose exit [ 1, true ]
